c:\users\morir\documents\visual studio 2015\projects\freshmatrixproject\freshmatrixproject\x64\debug\vc140.pdb
c:\users\morir\documents\visual studio 2015\projects\freshmatrixproject\freshmatrixproject\x64\debug\vc140.idb
c:\users\morir\documents\visual studio 2015\projects\freshmatrixproject\freshmatrixproject\x64\debug\main.obj
c:\users\morir\documents\visual studio 2015\projects\freshmatrixproject\freshmatrixproject\x64\debug\matrixnode.obj
c:\users\morir\documents\visual studio 2015\projects\freshmatrixproject\freshmatrixproject\x64\debug\imagemaker.obj
c:\users\morir\documents\visual studio 2015\projects\freshmatrixproject\freshmatrixproject\x64\debug\tensor.obj
c:\users\morir\documents\visual studio 2015\projects\freshmatrixproject\freshmatrixproject\x64\debug\matrix.obj
c:\users\morir\documents\visual studio 2015\projects\freshmatrixproject\freshmatrixproject\x64\debug\matrixcomputation.obj
c:\users\morir\documents\visual studio 2015\projects\freshmatrixproject\freshmatrixproject\x64\debug\matrixcontroller.obj
c:\users\morir\documents\visual studio 2015\projects\freshmatrixproject\x64\debug\freshmatrixproject.pdb
c:\users\morir\documents\visual studio 2015\projects\freshmatrixproject\freshmatrixproject\x64\debug\freshmat.8e34e9da.tlog\cl.command.1.tlog
c:\users\morir\documents\visual studio 2015\projects\freshmatrixproject\freshmatrixproject\x64\debug\freshmat.8e34e9da.tlog\cl.read.1.tlog
c:\users\morir\documents\visual studio 2015\projects\freshmatrixproject\freshmatrixproject\x64\debug\freshmat.8e34e9da.tlog\cl.write.1.tlog
c:\users\morir\documents\visual studio 2015\projects\freshmatrixproject\freshmatrixproject\x64\debug\freshmat.8e34e9da.tlog\link.5272-cvtres.read.1.tlog
c:\users\morir\documents\visual studio 2015\projects\freshmatrixproject\freshmatrixproject\x64\debug\freshmat.8e34e9da.tlog\link.5272-cvtres.write.1.tlog
c:\users\morir\documents\visual studio 2015\projects\freshmatrixproject\freshmatrixproject\x64\debug\freshmat.8e34e9da.tlog\link.5272-rc.read.1.tlog
c:\users\morir\documents\visual studio 2015\projects\freshmatrixproject\freshmatrixproject\x64\debug\freshmat.8e34e9da.tlog\link.5272-rc.write.1.tlog
c:\users\morir\documents\visual studio 2015\projects\freshmatrixproject\freshmatrixproject\x64\debug\freshmat.8e34e9da.tlog\link.5272.read.1.tlog
c:\users\morir\documents\visual studio 2015\projects\freshmatrixproject\freshmatrixproject\x64\debug\freshmat.8e34e9da.tlog\link.5272.write.1.tlog
c:\users\morir\documents\visual studio 2015\projects\freshmatrixproject\freshmatrixproject\x64\debug\freshmat.8e34e9da.tlog\link.command.1.tlog
c:\users\morir\documents\visual studio 2015\projects\freshmatrixproject\freshmatrixproject\x64\debug\freshmat.8e34e9da.tlog\link.read.1.tlog
c:\users\morir\documents\visual studio 2015\projects\freshmatrixproject\freshmatrixproject\x64\debug\freshmat.8e34e9da.tlog\link.write.1.tlog
